{"contracts/MathTester.sol":{"l":{"29":0,"30":0,"37":0,"38":0,"45":0,"52":1},"path":"/Users/haythem96/Projects/Opyn/GammaProtocol/contracts/MathTester.sol","s":{"1":0,"2":0,"3":0,"4":0,"5":0,"6":1},"b":{},"f":{"1":0,"2":0,"3":0,"4":1},"fnMap":{"1":{"name":"mul","line":28,"loc":{"start":{"line":28,"column":4},"end":{"line":28,"column":68}}},"2":{"name":"div","line":36,"loc":{"start":{"line":36,"column":4},"end":{"line":36,"column":68}}},"3":{"name":"sub","line":44,"loc":{"start":{"line":44,"column":4},"end":{"line":44,"column":68}}},"4":{"name":"add","line":51,"loc":{"start":{"line":51,"column":4},"end":{"line":51,"column":68}}}},"statementMap":{"1":{"start":{"line":29,"column":8},"end":{"line":29,"column":28}},"2":{"start":{"line":30,"column":8},"end":{"line":30,"column":53}},"3":{"start":{"line":37,"column":8},"end":{"line":37,"column":35}},"4":{"start":{"line":38,"column":8},"end":{"line":38,"column":39}},"5":{"start":{"line":45,"column":8},"end":{"line":45,"column":23}},"6":{"start":{"line":52,"column":8},"end":{"line":52,"column":23}}},"branchMap":{}}}